<?xml version="1.0" encoding="UTF-8"?>
<!-- Generated by org.testng.reporters.JUnitXMLReporter -->
<testsuite hostname="Sean-PC" ignored="0" name="FF Regression" tests="1" failures="1" timestamp="15 Nov 2017 20:01:17 GMT" time="9.236" errors="0">
  <testcase name="fullRegression" time="4.61" classname="Regression.Full_Regression">
    <failure type="java.lang.NoClassDefFoundError" message="org/openqa/selenium/os/Kernel32">
      <![CDATA[java.lang.NoClassDefFoundError: org/openqa/selenium/os/Kernel32
	at org.openqa.selenium.os.ProcessUtils.getProcessId(ProcessUtils.java:184)
	at org.openqa.selenium.os.ProcessUtils.killWinProcess(ProcessUtils.java:128)
	at org.openqa.selenium.os.ProcessUtils.killProcess(ProcessUtils.java:81)
	at org.openqa.selenium.os.UnixProcess$SeleniumWatchDog.destroyHarder(UnixProcess.java:246)
	at org.openqa.selenium.os.UnixProcess$SeleniumWatchDog.access$200(UnixProcess.java:200)
	at org.openqa.selenium.os.UnixProcess.destroy(UnixProcess.java:126)
	at org.openqa.selenium.os.CommandLine.destroy(CommandLine.java:153)
	at org.openqa.selenium.remote.service.DriverService.stop(DriverService.java:221)
	at org.openqa.selenium.remote.service.DriverCommandExecutor.execute(DriverCommandExecutor.java:94)
	at org.openqa.selenium.remote.RemoteWebDriver.execute(RemoteWebDriver.java:637)
	at org.openqa.selenium.remote.RemoteWebDriver.execute(RemoteWebDriver.java:694)
	at org.openqa.selenium.remote.RemoteWebDriver.quit(RemoteWebDriver.java:533)
	at Login.Logout.logout(Logout.java:28)
	at Regression.Homeroom_Regression.homeroomRegression(Homeroom_Regression.java:23)
	at Regression.Full_Regression.fullRegression(Full_Regression.java:11)
... Removed 25 stack frames]]>
    </failure>
  </testcase> <!-- fullRegression -->
</testsuite> <!-- FF Regression -->
